This is pdfeTeX, Version 3.141592-1.21a-2.2 (Web2C 7.5.4) (format=latex 2008.8.8)  14 JUL 2009 14:41
entering extended mode
**\input format_biblio.tex
(./format_biblio.tex (/home/richardsc/texmf/tex/latex/aguplus/aguplus.cls
Document Class: aguplus 1998/09/14 1.5g (PWD)
(/usr/share/texmf/tex/latex/base/article.cls
Document Class: article 2004/02/16 v1.4f Standard LaTeX document class
(/usr/share/texmf/tex/latex/base/size10.clo
File: size10.clo 2004/02/16 v1.4f Standard LaTeX file (size option)
)
\c@part=\count79
\c@section=\count80
\c@subsection=\count81
\c@subsubsection=\count82
\c@paragraph=\count83
\c@subparagraph=\count84
\c@figure=\count85
\c@table=\count86
\abovecaptionskip=\skip41
\belowcaptionskip=\skip42
\bibindent=\dimen102
)
\@maxsep=\dimen103
\@dblmaxsep=\dimen104

(/home/richardsc/texmf/tex/latex/agu/agupp.sty
AGU preprint substyle, v5.01 <August 3, 1998>.
\saveparindent=\dimen105
\@cprtype=\count87
\@slugcmmntwidth=\dimen106
\@temptokenb=\toks14
\c@cureqno=\count88
\c@plate=\count89
\lecurrentfam=\count90
\affilnum=\count91
\totalaffils=\count92
\@temptokena=\toks15
\@temptokenb=\toks16
\pt@ncol=\count93
\pt@width=\dimen107
\ampcount=\count94
\tabbox=\box26
\totaltabdp=\dimen108
\insidetablewd=\dimen109
\finalcolcount=\count95
\tabwidth=\dimen110
\labnum=\count96
\labloopnum=\count97
\tablebox=\box27
\tabnotecount=\count98
\loopnotecount=\count99
)
\@fmwidth=\dimen111
\@abstract=\box28
\@title=\box29
\pt@box=\box30
\pt@width=\dimen112
\pt@line=\count100
\pt@nlines=\count101
\pt@ncol=\count102
\wpt@width=\dimen113
LaTeX Info: Redefining \cite on input line 942.
\c@NAT@ctr=\count103
\oldvsize=\dimen114
) (/usr/share/texmf/tex/latex/anysize/anysize.sty
Package: anysize 1994/08/13 setting margin sizes

document style option `anysize' loaded
Michael Salzenberg, Thomas Esser, Dirk Hillbrecht
Version 1.0, Aug 13, 1994
\@Leftmargin=\dimen115
\@Rightmargin=\dimen116
\@Topmargin=\dimen117
\@Bottommargin=\dimen118
) (./format_biblio.aux)
\openout1 = `format_biblio.aux'.

LaTeX Font Info:    Checking defaults for OML/cmm/m/it on input line 13.
LaTeX Font Info:    ... okay on input line 13.
LaTeX Font Info:    Checking defaults for T1/cmr/m/n on input line 13.
LaTeX Font Info:    ... okay on input line 13.
LaTeX Font Info:    Checking defaults for OT1/cmr/m/n on input line 13.
LaTeX Font Info:    ... okay on input line 13.
LaTeX Font Info:    Checking defaults for OMS/cmsy/m/n on input line 13.
LaTeX Font Info:    ... okay on input line 13.
LaTeX Font Info:    Checking defaults for OMX/cmex/m/n on input line 13.
LaTeX Font Info:    ... okay on input line 13.
LaTeX Font Info:    Checking defaults for U/cmr/m/n on input line 13.
LaTeX Font Info:    ... okay on input line 13.
 (./format_biblio.bbl
LaTeX Font Info:    External font `cmex10' loaded for size
(Font)              <7> on input line 28.
LaTeX Font Info:    External font `cmex10' loaded for size
(Font)              <5> on input line 28.
 [1

] [2] [3] [4]
Missing character: There is no ‚ in font cmr10!
Missing character: There is no Ä in font cmr10!
Missing character: There is no ì in font cmr10!
 [5] [6] [7]
[8] [9] [10]
Missing character: There is no ‚ in font cmr10!
Missing character: There is no Ä in font cmr10!
Missing character: There is no ú in font cmr10!
Missing character: There is no ‚ in font cmr10!
Missing character: There is no Ä in font cmr10!
Missing character: There is no ù in font cmr10!
 [11] [12]
Underfull \hbox (badness 10000) in paragraph at lines 1386--1428

 []

[13] [14] [15]
Underfull \hbox (badness 10000) in paragraph at lines 1592--1594
[]\OT1/cmr/m/n/10 P. Lynch, ``Hamil-to-nian meth-ods for geo-phys-i-cal fluid d
y-nam-ics: an in-tro-duc-tion,'' 2002,
 []

Missing character: There is no ‚ in font cmr10!
Missing character: There is no Ä in font cmr10!
Missing character: There is no î in font cmr10!
[16] [17] [18] [19] [20] [21] [22] [23] [24] [25]
LaTeX Font Info:    External font `cmex10' loaded for size
(Font)              <8> on input line 2757.
LaTeX Font Info:    External font `cmex10' loaded for size
(Font)              <6> on input line 2757.
) [26] (./format_biblio.aux) ) 
Here is how much of TeX's memory you used:
 1265 strings out of 94500
 15495 string characters out of 1176715
 75644 words of memory out of 1000000
 4490 multiletter control sequences out of 10000+50000
 7962 words of font info for 28 fonts, out of 500000 for 2000
 580 hyphenation exceptions out of 1000
 29i,5n,21p,158b,1037s stack positions out of 1500i,500n,5000p,200000b,5000s

Output written on format_biblio.dvi (26 pages, 139832 bytes).
